<?xml version="1.0" encoding="UTF-8"?>
<!-- Generated by org.testng.reporters.JUnitReportReporter -->
<testsuite skipped="0" hostname="Shetu" name="MavenProject.UpsTest" tests="1" failures="0" timestamp="06 May 2018 17:44:02 GMT" time="0.000" errors="0">
  <testcase name="f" time="0.000" classname="MavenProject.UpsTest"/>
</testsuite> <!-- MavenProject.UpsTest -->
